<?xml version="1.0" encoding="UTF-8"?>
<testsuite name="com.elenasuslova.peopledb.repository.PeopleRepositoryTests" tests="1" skipped="0" failures="0" errors="0" timestamp="2023-02-16T10:07:26" hostname="Elenas-Mac-mini.local" time="36.546">
  <properties/>
  <testcase name="loadData()" classname="com.elenasuslova.peopledb.repository.PeopleRepositoryTests" time="36.546"/>
  <system-out><![CDATA[]]></system-out>
  <system-err><![CDATA[]]></system-err>
</testsuite>
