<?xml version="1.0" encoding="UTF-8"?>
<testsuite name="com.elenasuslova.peopledb.repository.PeopleRepositoryTests" tests="8" skipped="1" failures="0" errors="0" timestamp="2023-02-20T17:01:25" hostname="Elenas-Mac-mini.local" time="15.817">
  <properties/>
  <testcase name="canDelete()" classname="com.elenasuslova.peopledb.repository.PeopleRepositoryTests" time="4.875"/>
  <testcase name="canFindPersonById()" classname="com.elenasuslova.peopledb.repository.PeopleRepositoryTests" time="0.02"/>
  <testcase name="canSaveTwoPeople()" classname="com.elenasuslova.peopledb.repository.PeopleRepositoryTests" time="0.015"/>
  <testcase name="canUpdate()" classname="com.elenasuslova.peopledb.repository.PeopleRepositoryTests" time="0.015"/>
  <testcase name="canDeleteMultiplePeople()" classname="com.elenasuslova.peopledb.repository.PeopleRepositoryTests" time="0.013"/>
  <testcase name="canGetCount()" classname="com.elenasuslova.peopledb.repository.PeopleRepositoryTests" time="2.573"/>
  <testcase name="canSaveOnePerson()" classname="com.elenasuslova.peopledb.repository.PeopleRepositoryTests" time="0.017"/>
  <testcase name="canFindAll()" classname="com.elenasuslova.peopledb.repository.PeopleRepositoryTests" time="8.285">
    <skipped/>
  </testcase>
  <system-out><![CDATA[]]></system-out>
  <system-err><![CDATA[]]></system-err>
</testsuite>
