<?xml version="1.0" encoding="UTF-8"?>
<testsuite name="com.elenasuslova.peopledb.repository.PeopleRepositoryTests" tests="9" skipped="0" failures="0" errors="0" timestamp="2023-02-15T15:39:28" hostname="Elenas-Mac-mini.local" time="0.329">
  <properties/>
  <testcase name="canDelete()" classname="com.elenasuslova.peopledb.repository.PeopleRepositoryTests" time="0.176"/>
  <testcase name="canFindPersonById()" classname="com.elenasuslova.peopledb.repository.PeopleRepositoryTests" time="0.031"/>
  <testcase name="canSaveTwoPeople()" classname="com.elenasuslova.peopledb.repository.PeopleRepositoryTests" time="0.014"/>
  <testcase name="canUpdate()" classname="com.elenasuslova.peopledb.repository.PeopleRepositoryTests" time="0.021"/>
  <testcase name="canDeleteMultiplePeople()" classname="com.elenasuslova.peopledb.repository.PeopleRepositoryTests" time="0.018"/>
  <testcase name="canGetCount()" classname="com.elenasuslova.peopledb.repository.PeopleRepositoryTests" time="0.015"/>
  <testcase name="testPersonIDNotFound()" classname="com.elenasuslova.peopledb.repository.PeopleRepositoryTests" time="0.014"/>
  <testcase name="canSaveOnePerson()" classname="com.elenasuslova.peopledb.repository.PeopleRepositoryTests" time="0.016"/>
  <testcase name="canFindAll()" classname="com.elenasuslova.peopledb.repository.PeopleRepositoryTests" time="0.02"/>
  <system-out><![CDATA[Person{id=427, firstName='Bobby', lastName='Smith', dob=1986-11-15T15:15-06:00}
Records affected: 1
Total Count: 13
1
Total Count: 12
Person{id=428, firstName='test', lastName='jackson', dob=2023-02-15T18:39:28.839069+03:00[Europe/Minsk]}
Records affected: 1
Person{id=429, firstName='John', lastName='Smith', dob=1980-11-15T15:15-06:00}
Records affected: 1
Person{id=430, firstName='Bobby', lastName='Smith', dob=1986-11-15T15:15-06:00}
Records affected: 1
Person{id=431, firstName='Bobby', lastName='Smith', dob=1986-11-15T15:15-06:00}
Records affected: 1
Person{id=432, firstName='Bobby1', lastName='Smith', dob=1986-11-15T15:15-06:00}
Records affected: 1
Person{id=433, firstName='Bobby2', lastName='Smith', dob=1986-11-15T15:15-06:00}
Records affected: 1
2
Total Count: 12
Person{id=434, firstName='John1', lastName='Smith', dob=1980-11-15T15:15-06:00}
Records affected: 1
Person{id=435, firstName='John', lastName='Smith', dob=1980-11-15T15:15-06:00}
Records affected: 1
Total Count: 14
Person{id=436, firstName='John', lastName='Smith', dob=1980-11-15T15:15-06:00}
Records affected: 1
Person{id=437, firstName='John', lastName='Smith', dob=1980-11-15T15:15-06:00}
Records affected: 1
Person{id=438, firstName='John1', lastName='Smith', dob=1980-11-15T15:15-06:00}
Records affected: 1
Person{id=439, firstName='John2', lastName='Smith', dob=1980-11-15T15:15-06:00}
Records affected: 1
Person{id=440, firstName='John3', lastName='Smith', dob=1980-11-15T15:15-06:00}
Records affected: 1
Person{id=441, firstName='John4', lastName='Smith', dob=1980-11-15T15:15-06:00}
Records affected: 1
Person{id=442, firstName='John5', lastName='Smith', dob=1980-11-15T15:15-06:00}
Records affected: 1
Person{id=443, firstName='John6', lastName='Smith', dob=1980-11-15T15:15-06:00}
Records affected: 1
Person{id=444, firstName='John7', lastName='Smith', dob=1980-11-15T15:15-06:00}
Records affected: 1
Person{id=445, firstName='John8', lastName='Smith', dob=1980-11-15T15:15-06:00}
Records affected: 1
]]></system-out>
  <system-err><![CDATA[]]></system-err>
</testsuite>
