<?xml version="1.0" encoding="UTF-8"?>
<testsuite name="com.elenasuslova.peopledb.repository.PeopleRepositoryTests" tests="1" skipped="0" failures="0" errors="0" timestamp="2023-02-20T18:23:40" hostname="Elenas-Mac-mini.local" time="0.177">
  <properties/>
  <testcase name="carFindPersonByIdWithAddress()" classname="com.elenasuslova.peopledb.repository.PeopleRepositoryTests" time="0.177"/>
  <system-out><![CDATA[]]></system-out>
  <system-err><![CDATA[]]></system-err>
</testsuite>
